12-Feb-2024 22:18:47.258 정보 [main] org.apache.catalina.startup.VersionLoggerListener.log 서버 버전 이름:    Apache Tomcat/10.1.18
12-Feb-2024 22:18:47.264 정보 [main] org.apache.catalina.startup.VersionLoggerListener.log Server 빌드 시각:  Jan 5 2024 14:39:40 UTC
12-Feb-2024 22:18:47.264 정보 [main] org.apache.catalina.startup.VersionLoggerListener.log Server 버전 번호:  10.1.18.0
12-Feb-2024 22:18:47.264 정보 [main] org.apache.catalina.startup.VersionLoggerListener.log 운영체제 이름:     Windows 11
12-Feb-2024 22:18:47.265 정보 [main] org.apache.catalina.startup.VersionLoggerListener.log 운영체제 버전:     10.0
12-Feb-2024 22:18:47.265 정보 [main] org.apache.catalina.startup.VersionLoggerListener.log 아키텍처:          amd64
12-Feb-2024 22:18:47.265 정보 [main] org.apache.catalina.startup.VersionLoggerListener.log 자바 홈:           C:\Users\Soon\.jdks\corretto-17.0.10
12-Feb-2024 22:18:47.265 정보 [main] org.apache.catalina.startup.VersionLoggerListener.log JVM 버전:          17.0.10+7-LTS
12-Feb-2024 22:18:47.265 정보 [main] org.apache.catalina.startup.VersionLoggerListener.log JVM 벤더:          Amazon.com Inc.
12-Feb-2024 22:18:47.265 정보 [main] org.apache.catalina.startup.VersionLoggerListener.log CATALINA_BASE:     C:\rentcar
12-Feb-2024 22:18:47.265 정보 [main] org.apache.catalina.startup.VersionLoggerListener.log CATALINA_HOME:     C:\resource\apache-tomcat-10.1.18
12-Feb-2024 22:18:47.278 정보 [main] org.apache.catalina.startup.VersionLoggerListener.log 명령 행 아규먼트:  --add-opens=java.base/java.lang=ALL-UNNAMED
12-Feb-2024 22:18:47.278 정보 [main] org.apache.catalina.startup.VersionLoggerListener.log 명령 행 아규먼트:  --add-opens=java.base/java.io=ALL-UNNAMED
12-Feb-2024 22:18:47.279 정보 [main] org.apache.catalina.startup.VersionLoggerListener.log 명령 행 아규먼트:  --add-opens=java.base/java.util=ALL-UNNAMED
12-Feb-2024 22:18:47.279 정보 [main] org.apache.catalina.startup.VersionLoggerListener.log 명령 행 아규먼트:  --add-opens=java.base/java.util.concurrent=ALL-UNNAMED
12-Feb-2024 22:18:47.279 정보 [main] org.apache.catalina.startup.VersionLoggerListener.log 명령 행 아규먼트:  --add-opens=java.rmi/sun.rmi.transport=ALL-UNNAMED
12-Feb-2024 22:18:47.279 정보 [main] org.apache.catalina.startup.VersionLoggerListener.log 명령 행 아규먼트:  -Dcatalina.home=C:\resource\apache-tomcat-10.1.18
12-Feb-2024 22:18:47.279 정보 [main] org.apache.catalina.startup.VersionLoggerListener.log 명령 행 아규먼트:  -Dcatalina.base=C:\rentcar
12-Feb-2024 22:18:47.279 정보 [main] org.apache.catalina.startup.VersionLoggerListener.log 명령 행 아규먼트:  -Djava.io.tmpdir=C:\rentcar\temp
12-Feb-2024 22:18:47.280 정보 [main] org.apache.catalina.startup.VersionLoggerListener.log 명령 행 아규먼트:  -Djava.util.logging.config.file=C:\rentcar\conf\logging.properties
12-Feb-2024 22:18:47.280 정보 [main] org.apache.catalina.startup.VersionLoggerListener.log 명령 행 아규먼트:  -Djava.util.logging.manager=org.apache.juli.ClassLoaderLogManager
12-Feb-2024 22:18:47.280 정보 [main] org.apache.catalina.startup.VersionLoggerListener.log 명령 행 아규먼트:  -javaagent:C:\Program Files\JetBrains\IntelliJ IDEA 2023.2.5\lib\idea_rt.jar=10622:C:\Program Files\JetBrains\IntelliJ IDEA 2023.2.5\bin
12-Feb-2024 22:18:47.280 정보 [main] org.apache.catalina.startup.VersionLoggerListener.log 명령 행 아규먼트:  -Dfile.encoding=UTF-8
12-Feb-2024 22:18:47.307 정보 [main] org.apache.catalina.core.AprLifecycleListener.lifecycleEvent APR 버전 [1.7.4]을(를) 사용한, APR 기반 Apache Tomcat Native 라이브러리 [2.0.6]을(를) 로드했습니다.
12-Feb-2024 22:18:47.334 정보 [main] org.apache.catalina.core.AprLifecycleListener.initializeSSL OpenSSL이 성공적으로 초기화되었습니다: [OpenSSL 3.0.11 19 Sep 2023]
12-Feb-2024 22:18:47.801 정보 [main] org.apache.coyote.AbstractProtocol.init 프로토콜 핸들러 ["http-nio-8080"]을(를) 초기화합니다.
12-Feb-2024 22:18:47.824 정보 [main] org.apache.catalina.startup.Catalina.load [949] 밀리초 내에 서버가 초기화되었습니다.
12-Feb-2024 22:18:47.899 정보 [main] org.apache.catalina.core.StandardService.startInternal 서비스 [Catalina]을(를) 시작합니다.
12-Feb-2024 22:18:47.900 정보 [main] org.apache.catalina.core.StandardEngine.startInternal 서버 엔진을 시작합니다: [Apache Tomcat/10.1.18]
12-Feb-2024 22:18:47.925 정보 [main] org.apache.catalina.startup.HostConfig.deployDescriptor 배치 descriptor [C:\rentcar\conf\Catalina\localhost\ROOT.xml]을(를) 배치합니다.
12-Feb-2024 22:18:49.637 정보 [main] org.apache.jasper.servlet.TldScanner.scanJars 적어도 하나의 JAR가 TLD들을 찾기 위해 스캔되었으나 아무 것도 찾지 못했습니다. 스캔했으나 TLD가 없는 JAR들의 전체 목록을 보시려면, 로그 레벨을 디버그 레벨로 설정하십시오. 스캔 과정에서 불필요한 JAR들을 건너뛰면, 시스템 시작 시간과 JSP 컴파일 시간을 단축시킬 수 있습니다.
12-Feb-2024 22:18:49.946 경고 [main] org.apache.catalina.util.SessionIdGeneratorBase.createSecureRandom [SHA1PRNG] 알고리즘을 사용하여, 세션 ID를 생성하기 위한 SecureRandom 객체를 생성하는데, [166] 밀리초가 소요됐습니다.
12-Feb-2024 22:18:50.104 정보 [main] org.apache.catalina.startup.HostConfig.deployDescriptor 배치 descriptor [C:\rentcar\conf\Catalina\localhost\ROOT.xml]의 배치가 [2,179] 밀리초 내에 완료되었습니다.
12-Feb-2024 22:18:50.115 정보 [main] org.apache.coyote.AbstractProtocol.start 프로토콜 핸들러 ["http-nio-8080"]을(를) 시작합니다.
12-Feb-2024 22:18:50.226 정보 [main] org.apache.catalina.startup.Catalina.start 서버가 [2400] 밀리초 내에 시작되었습니다.
